top - 20:43:45 up 10:57,  3 users,  load average: 0.01, 0.05, 0.02
Tasks: 117 total,   1 running, 116 sleeping,   0 stopped,   0 zombie
%Cpu(s):  5.9 us,  5.9 sy,  0.0 ni, 88.2 id,  0.0 wa,  0.0 hi,  0.0 si,  0.0 st
MiB Mem :    957.5 total,    135.5 free,    181.5 used,    640.5 buff/cache
MiB Swap:      0.0 total,      0.0 free,      0.0 used.    620.9 avail Mem 

    PID USER      PR  NI    VIRT    RES    SHR S  %CPU  %MEM     TIME+ COMMAND
   2687 root      20   0   10768   3924   3316 R  13.3   0.4   0:00.02 top
      1 root      20   0  101984  13060   8400 S   0.0   1.3   0:18.92 systemd
      2 root      20   0       0      0      0 S   0.0   0.0   0:00.08 kthreadd
top - 20:43:46 up 10:57,  3 users,  load average: 0.01, 0.05, 0.02
Tasks: 117 total,   1 running, 116 sleeping,   0 stopped,   0 zombie
%Cpu(s):  5.9 us,  5.9 sy,  0.0 ni, 88.2 id,  0.0 wa,  0.0 hi,  0.0 si,  0.0 st
MiB Mem :    957.5 total,    135.5 free,    181.5 used,    640.5 buff/cache
MiB Swap:      0.0 total,      0.0 free,      0.0 used.    620.9 avail Mem 

    PID USER      PR  NI    VIRT    RES    SHR S  %CPU  %MEM     TIME+ COMMAND
   2691 root      20   0   10768   3808   3200 R   6.2   0.4   0:00.01 top
      1 root      20   0  101984  13060   8400 S   0.0   1.3   0:18.92 systemd
      2 root      20   0       0      0      0 S   0.0   0.0   0:00.08 kthreadd
top - 20:43:47 up 10:57,  3 users,  load average: 0.01, 0.05, 0.02
Tasks: 117 total,   1 running, 116 sleeping,   0 stopped,   0 zombie
%Cpu(s):  6.7 us,  0.0 sy,  0.0 ni, 93.3 id,  0.0 wa,  0.0 hi,  0.0 si,  0.0 st
MiB Mem :    957.5 total,    135.5 free,    181.5 used,    640.5 buff/cache
MiB Swap:      0.0 total,      0.0 free,      0.0 used.    620.9 avail Mem 

    PID USER      PR  NI    VIRT    RES    SHR S  %CPU  %MEM     TIME+ COMMAND
   2695 root      20   0   10768   3904   3288 R   6.7   0.4   0:00.01 top
      1 root      20   0  101984  13060   8400 S   0.0   1.3   0:18.92 systemd
      2 root      20   0       0      0      0 S   0.0   0.0   0:00.08 kthreadd
top - 20:43:48 up 10:57,  3 users,  load average: 0.01, 0.05, 0.02
Tasks: 117 total,   1 running, 116 sleeping,   0 stopped,   0 zombie
%Cpu(s):  0.0 us, 11.8 sy,  0.0 ni, 88.2 id,  0.0 wa,  0.0 hi,  0.0 si,  0.0 st
MiB Mem :    957.5 total,    135.5 free,    181.5 used,    640.5 buff/cache
MiB Swap:      0.0 total,      0.0 free,      0.0 used.    620.9 avail Mem 

    PID USER      PR  NI    VIRT    RES    SHR S  %CPU  %MEM     TIME+ COMMAND
   2699 root      20   0   10768   3844   3232 R   6.7   0.4   0:00.01 top
      1 root      20   0  101984  13060   8400 S   0.0   1.3   0:18.92 systemd
      2 root      20   0       0      0      0 S   0.0   0.0   0:00.08 kthreadd
top - 20:43:50 up 10:57,  3 users,  load average: 0.01, 0.05, 0.02
Tasks: 117 total,   1 running, 116 sleeping,   0 stopped,   0 zombie
%Cpu(s):  5.9 us,  5.9 sy,  0.0 ni, 88.2 id,  0.0 wa,  0.0 hi,  0.0 si,  0.0 st
MiB Mem :    957.5 total,    135.5 free,    181.5 used,    640.5 buff/cache
MiB Swap:      0.0 total,      0.0 free,      0.0 used.    620.9 avail Mem 

    PID USER      PR  NI    VIRT    RES    SHR S  %CPU  %MEM     TIME+ COMMAND
      1 root      20   0  101984  13060   8400 S   0.0   1.3   0:18.92 systemd
      2 root      20   0       0      0      0 S   0.0   0.0   0:00.08 kthreadd
      3 root       0 -20       0      0      0 I   0.0   0.0   0:00.00 rcu_gp
top - 20:43:51 up 10:58,  3 users,  load average: 0.01, 0.05, 0.02
Tasks: 117 total,   1 running, 116 sleeping,   0 stopped,   0 zombie
%Cpu(s):  0.0 us,  6.2 sy,  0.0 ni, 93.8 id,  0.0 wa,  0.0 hi,  0.0 si,  0.0 st
MiB Mem :    957.5 total,    135.5 free,    181.5 used,    640.5 buff/cache
MiB Swap:      0.0 total,      0.0 free,      0.0 used.    620.9 avail Mem 

    PID USER      PR  NI    VIRT    RES    SHR S  %CPU  %MEM     TIME+ COMMAND
   2707 root      20   0   10768   3860   3248 R   6.7   0.4   0:00.01 top
      1 root      20   0  101984  13060   8400 S   0.0   1.3   0:18.92 systemd
      2 root      20   0       0      0      0 S   0.0   0.0   0:00.08 kthreadd
top - 20:43:52 up 10:58,  3 users,  load average: 0.01, 0.05, 0.02
Tasks: 117 total,   1 running, 116 sleeping,   0 stopped,   0 zombie
%Cpu(s):  5.9 us,  5.9 sy,  0.0 ni, 88.2 id,  0.0 wa,  0.0 hi,  0.0 si,  0.0 st
MiB Mem :    957.5 total,    135.5 free,    181.5 used,    640.5 buff/cache
MiB Swap:      0.0 total,      0.0 free,      0.0 used.    620.9 avail Mem 

    PID USER      PR  NI    VIRT    RES    SHR S  %CPU  %MEM     TIME+ COMMAND
   2711 root      20   0   10768   3912   3300 R   6.7   0.4   0:00.01 top
      1 root      20   0  101984  13060   8400 S   0.0   1.3   0:18.92 systemd
      2 root      20   0       0      0      0 S   0.0   0.0   0:00.08 kthreadd
top - 20:44:32 up 10:58,  3 users,  load average: 0.00, 0.04, 0.01
Tasks: 117 total,   2 running, 115 sleeping,   0 stopped,   0 zombie
%Cpu(s):  5.6 us, 27.8 sy,  0.0 ni,  0.0 id,  0.0 wa,  0.0 hi, 66.7 si,  0.0 st
MiB Mem :    957.5 total,    135.5 free,    181.5 used,    640.5 buff/cache
MiB Swap:      0.0 total,      0.0 free,      0.0 used.    620.9 avail Mem 

    PID USER      PR  NI    VIRT    RES    SHR S  %CPU  %MEM     TIME+ COMMAND
   2664 root      20   0    8288   3948   3424 R  83.3   0.4   0:34.85 iperf3
   2729 root      20   0   10768   3744   3132 R  11.1   0.4   0:00.03 top
      1 root      20   0  101984  13060   8400 S   0.0   1.3   0:18.92 systemd
top - 20:44:33 up 10:58,  3 users,  load average: 0.08, 0.06, 0.02
Tasks: 117 total,   2 running, 115 sleeping,   0 stopped,   0 zombie
%Cpu(s): 33.3 us, 16.7 sy,  0.0 ni, 11.1 id,  0.0 wa,  0.0 hi, 33.3 si,  5.6 st
MiB Mem :    957.5 total,    135.5 free,    181.5 used,    640.5 buff/cache
MiB Swap:      0.0 total,      0.0 free,      0.0 used.    620.9 avail Mem 

    PID USER      PR  NI    VIRT    RES    SHR S  %CPU  %MEM     TIME+ COMMAND
   2664 root      20   0    8288   3948   3424 R  76.5   0.4   0:35.83 iperf3
     13 root      20   0       0      0      0 S   5.9   0.0   0:01.96 ksoftirqd/0
   2733 root      20   0   10768   3808   3200 R   5.9   0.4   0:00.02 top
top - 20:44:34 up 10:58,  3 users,  load average: 0.08, 0.06, 0.02
Tasks: 117 total,   2 running, 115 sleeping,   0 stopped,   0 zombie
%Cpu(s): 22.2 us, 33.3 sy,  0.0 ni,  0.0 id,  0.0 wa,  0.0 hi, 44.4 si,  0.0 st
MiB Mem :    957.5 total,    135.5 free,    181.5 used,    640.5 buff/cache
MiB Swap:      0.0 total,      0.0 free,      0.0 used.    620.9 avail Mem 

    PID USER      PR  NI    VIRT    RES    SHR S  %CPU  %MEM     TIME+ COMMAND
   2664 root      20   0    8288   3948   3424 R  83.3   0.4   0:36.97 iperf3
   2737 root      20   0   10768   3876   3272 R   5.6   0.4   0:00.01 top
      1 root      20   0  101984  13060   8400 S   0.0   1.3   0:18.92 systemd
top - 20:44:35 up 10:58,  3 users,  load average: 0.08, 0.06, 0.02
Tasks: 117 total,   2 running, 115 sleeping,   0 stopped,   0 zombie
%Cpu(s): 16.7 us, 38.9 sy,  0.0 ni,  0.0 id,  0.0 wa,  0.0 hi, 44.4 si,  0.0 st
MiB Mem :    957.5 total,    135.5 free,    181.5 used,    640.5 buff/cache
MiB Swap:      0.0 total,      0.0 free,      0.0 used.    620.9 avail Mem 

    PID USER      PR  NI    VIRT    RES    SHR S  %CPU  %MEM     TIME+ COMMAND
   2664 root      20   0    8288   3948   3424 R  88.2   0.4   0:38.13 iperf3
   2741 root      20   0   10768   3784   3172 R   5.9   0.4   0:00.02 top
      1 root      20   0  101984  13060   8400 S   0.0   1.3   0:18.92 systemd
top - 20:44:37 up 10:58,  3 users,  load average: 0.08, 0.06, 0.02
Tasks: 117 total,   2 running, 115 sleeping,   0 stopped,   0 zombie
%Cpu(s): 22.2 us, 33.3 sy,  0.0 ni,  0.0 id,  0.0 wa,  0.0 hi, 44.4 si,  0.0 st
MiB Mem :    957.5 total,    135.5 free,    181.5 used,    640.5 buff/cache
MiB Swap:      0.0 total,      0.0 free,      0.0 used.    620.9 avail Mem 

    PID USER      PR  NI    VIRT    RES    SHR S  %CPU  %MEM     TIME+ COMMAND
   2664 root      20   0    8288   3948   3424 R  88.2   0.4   0:39.29 iperf3
      1 root      20   0  101984  13060   8400 S   0.0   1.3   0:18.92 systemd
      2 root      20   0       0      0      0 S   0.0   0.0   0:00.08 kthreadd
top - 20:44:38 up 10:58,  3 users,  load average: 0.08, 0.06, 0.02
Tasks: 117 total,   2 running, 115 sleeping,   0 stopped,   0 zombie
%Cpu(s): 14.3 us, 35.7 sy,  0.0 ni, 35.7 id,  0.0 wa,  0.0 hi, 14.3 si,  0.0 st
MiB Mem :    957.5 total,    135.5 free,    181.5 used,    640.5 buff/cache
MiB Swap:      0.0 total,      0.0 free,      0.0 used.    620.9 avail Mem 

    PID USER      PR  NI    VIRT    RES    SHR S  %CPU  %MEM     TIME+ COMMAND
   2664 root      20   0    8288   3948   3424 R  50.0   0.4   0:40.19 iperf3
   2749 root      20   0   10768   3920   3308 R   6.2   0.4   0:00.01 top
      1 root      20   0  101984  13060   8400 S   0.0   1.3   0:18.92 systemd
top - 20:44:39 up 10:58,  3 users,  load average: 0.07, 0.06, 0.02
Tasks: 117 total,   2 running, 115 sleeping,   0 stopped,   0 zombie
%Cpu(s):  5.6 us, 50.0 sy,  0.0 ni,  0.0 id,  0.0 wa,  0.0 hi, 44.4 si,  0.0 st
MiB Mem :    957.5 total,    135.5 free,    181.5 used,    640.5 buff/cache
MiB Swap:      0.0 total,      0.0 free,      0.0 used.    620.9 avail Mem 

    PID USER      PR  NI    VIRT    RES    SHR S  %CPU  %MEM     TIME+ COMMAND
   2664 root      20   0    8288   3948   3424 R  99.9   0.4   0:41.24 iperf3
   2753 root      20   0   10768   3852   3240 R   6.7   0.4   0:00.01 top
      1 root      20   0  101984  13060   8400 S   0.0   1.3   0:18.92 systemd
top - 20:44:40 up 10:58,  3 users,  load average: 0.07, 0.06, 0.02
Tasks: 117 total,   2 running, 115 sleeping,   0 stopped,   0 zombie
%Cpu(s): 22.2 us, 22.2 sy,  0.0 ni,  0.0 id,  0.0 wa,  0.0 hi, 55.6 si,  0.0 st
MiB Mem :    957.5 total,    135.5 free,    181.5 used,    640.5 buff/cache
MiB Swap:      0.0 total,      0.0 free,      0.0 used.    620.9 avail Mem 

    PID USER      PR  NI    VIRT    RES    SHR S  %CPU  %MEM     TIME+ COMMAND
   2664 root      20   0    8288   3948   3424 R  94.1   0.4   0:42.42 iperf3
   2757 root      20   0   10768   3920   3308 R   5.9   0.4   0:00.02 top
      1 root      20   0  101984  13060   8400 S   0.0   1.3   0:18.92 systemd
top - 20:44:41 up 10:58,  3 users,  load average: 0.07, 0.06, 0.02
Tasks: 117 total,   1 running, 116 sleeping,   0 stopped,   0 zombie
%Cpu(s):  5.9 us,  5.9 sy,  0.0 ni, 88.2 id,  0.0 wa,  0.0 hi,  0.0 si,  0.0 st
MiB Mem :    957.5 total,    135.5 free,    181.5 used,    640.5 buff/cache
MiB Swap:      0.0 total,      0.0 free,      0.0 used.    620.9 avail Mem 

    PID USER      PR  NI    VIRT    RES    SHR S  %CPU  %MEM     TIME+ COMMAND
   2761 root      20   0   10768   3892   3280 R  13.3   0.4   0:00.02 top
      1 root      20   0  101984  13060   8400 S   0.0   1.3   0:18.92 systemd
      2 root      20   0       0      0      0 S   0.0   0.0   0:00.08 kthreadd
top - 20:44:43 up 10:58,  3 users,  load average: 0.07, 0.06, 0.02
Tasks: 117 total,   1 running, 116 sleeping,   0 stopped,   0 zombie
%Cpu(s):  0.0 us,  6.2 sy,  0.0 ni, 93.8 id,  0.0 wa,  0.0 hi,  0.0 si,  0.0 st
MiB Mem :    957.5 total,    135.5 free,    181.5 used,    640.5 buff/cache
MiB Swap:      0.0 total,      0.0 free,      0.0 used.    620.9 avail Mem 

    PID USER      PR  NI    VIRT    RES    SHR S  %CPU  %MEM     TIME+ COMMAND
   2765 root      20   0   10768   3948   3344 R   6.2   0.4   0:00.01 top
      1 root      20   0  101984  13060   8400 S   0.0   1.3   0:18.92 systemd
      2 root      20   0       0      0      0 S   0.0   0.0   0:00.08 kthreadd
