top - 20:45:55 up  9:41,  2 users,  load average: 0.12, 0.07, 0.01
Tasks: 115 total,   2 running, 113 sleeping,   0 stopped,   0 zombie
%Cpu(s): 31.2 us, 62.5 sy,  0.0 ni,  6.2 id,  0.0 wa,  0.0 hi,  0.0 si,  0.0 st
MiB Mem :    957.5 total,    130.9 free,    162.6 used,    664.0 buff/cache
MiB Swap:      0.0 total,      0.0 free,      0.0 used.    638.1 avail Mem 

    PID USER      PR  NI    VIRT    RES    SHR S  %CPU  %MEM     TIME+ COMMAND
   3241 root      20   0    8288   2640   2144 R  87.5   0.3   0:01.44 iperf3
      1 root      20   0  102116  12980   8288 S   0.0   1.3   0:22.09 systemd
      2 root      20   0       0      0      0 S   0.0   0.0   0:00.07 kthreadd
top - 20:45:56 up  9:41,  2 users,  load average: 0.12, 0.07, 0.01
Tasks: 115 total,   2 running, 113 sleeping,   0 stopped,   0 zombie
%Cpu(s): 16.7 us, 66.7 sy,  0.0 ni, 11.1 id,  0.0 wa,  0.0 hi,  5.6 si,  0.0 st
MiB Mem :    957.5 total,    130.9 free,    162.6 used,    664.0 buff/cache
MiB Swap:      0.0 total,      0.0 free,      0.0 used.    638.2 avail Mem 

    PID USER      PR  NI    VIRT    RES    SHR S  %CPU  %MEM     TIME+ COMMAND
   3241 root      20   0    8288   2640   2144 R  87.5   0.3   0:02.53 iperf3
      1 root      20   0  102116  12980   8288 S   0.0   1.3   0:22.09 systemd
      2 root      20   0       0      0      0 S   0.0   0.0   0:00.07 kthreadd
top - 20:45:57 up  9:41,  2 users,  load average: 0.12, 0.07, 0.01
Tasks: 115 total,   2 running, 113 sleeping,   0 stopped,   0 zombie
%Cpu(s): 18.8 us, 56.2 sy,  0.0 ni, 18.8 id,  0.0 wa,  0.0 hi,  6.2 si,  0.0 st
MiB Mem :    957.5 total,    130.9 free,    162.6 used,    664.0 buff/cache
MiB Swap:      0.0 total,      0.0 free,      0.0 used.    638.2 avail Mem 

    PID USER      PR  NI    VIRT    RES    SHR S  %CPU  %MEM     TIME+ COMMAND
   3241 root      20   0    8288   2640   2144 R  80.0   0.3   0:03.46 iperf3
      1 root      20   0  102116  12980   8288 S   0.0   1.3   0:22.09 systemd
      2 root      20   0       0      0      0 S   0.0   0.0   0:00.07 kthreadd
top - 20:45:58 up  9:41,  2 users,  load average: 0.12, 0.07, 0.01
Tasks: 115 total,   2 running, 113 sleeping,   0 stopped,   0 zombie
%Cpu(s): 17.6 us, 58.8 sy,  0.0 ni, 17.6 id,  0.0 wa,  0.0 hi,  0.0 si,  5.9 st
MiB Mem :    957.5 total,    130.9 free,    162.6 used,    664.0 buff/cache
MiB Swap:      0.0 total,      0.0 free,      0.0 used.    638.2 avail Mem 

    PID USER      PR  NI    VIRT    RES    SHR S  %CPU  %MEM     TIME+ COMMAND
   3241 root      20   0    8288   2640   2144 R  75.0   0.3   0:04.42 iperf3
      1 root      20   0  102116  12980   8288 S   0.0   1.3   0:22.09 systemd
      2 root      20   0       0      0      0 S   0.0   0.0   0:00.07 kthreadd
top - 20:46:00 up  9:41,  2 users,  load average: 0.19, 0.08, 0.02
Tasks: 115 total,   2 running, 113 sleeping,   0 stopped,   0 zombie
%Cpu(s): 13.3 us, 80.0 sy,  0.0 ni,  6.7 id,  0.0 wa,  0.0 hi,  0.0 si,  0.0 st
MiB Mem :    957.5 total,    130.9 free,    162.6 used,    664.0 buff/cache
MiB Swap:      0.0 total,      0.0 free,      0.0 used.    638.2 avail Mem 

    PID USER      PR  NI    VIRT    RES    SHR S  %CPU  %MEM     TIME+ COMMAND
   3241 root      20   0    8288   2640   2144 R  86.7   0.3   0:05.35 iperf3
   3261 root      20   0   10768   3868   3256 R   6.7   0.4   0:00.01 top
      1 root      20   0  102116  12980   8288 S   0.0   1.3   0:22.09 systemd
top - 20:46:01 up  9:41,  2 users,  load average: 0.19, 0.08, 0.02
Tasks: 115 total,   1 running, 114 sleeping,   0 stopped,   0 zombie
%Cpu(s): 20.0 us, 73.3 sy,  0.0 ni,  6.7 id,  0.0 wa,  0.0 hi,  0.0 si,  0.0 st
MiB Mem :    957.5 total,    130.9 free,    162.6 used,    664.0 buff/cache
MiB Swap:      0.0 total,      0.0 free,      0.0 used.    638.2 avail Mem 

    PID USER      PR  NI    VIRT    RES    SHR S  %CPU  %MEM     TIME+ COMMAND
   3241 root      20   0    8288   2640   2144 S  93.3   0.3   0:06.39 iperf3
      1 root      20   0  102116  12980   8288 S   0.0   1.3   0:22.09 systemd
      2 root      20   0       0      0      0 S   0.0   0.0   0:00.07 kthreadd
top - 20:46:02 up  9:41,  2 users,  load average: 0.19, 0.08, 0.02
Tasks: 115 total,   2 running, 113 sleeping,   0 stopped,   0 zombie
%Cpu(s): 12.5 us, 62.5 sy,  0.0 ni, 18.8 id,  0.0 wa,  0.0 hi,  0.0 si,  6.2 st
MiB Mem :    957.5 total,    130.9 free,    162.5 used,    664.0 buff/cache
MiB Swap:      0.0 total,      0.0 free,      0.0 used.    638.2 avail Mem 

    PID USER      PR  NI    VIRT    RES    SHR S  %CPU  %MEM     TIME+ COMMAND
   3241 root      20   0    8288   2640   2144 R  86.7   0.3   0:07.36 iperf3
      1 root      20   0  102116  12980   8288 S   0.0   1.3   0:22.09 systemd
      2 root      20   0       0      0      0 S   0.0   0.0   0:00.07 kthreadd
top - 20:46:03 up  9:41,  2 users,  load average: 0.19, 0.08, 0.02
Tasks: 115 total,   2 running, 113 sleeping,   0 stopped,   0 zombie
%Cpu(s): 26.7 us, 60.0 sy,  0.0 ni, 13.3 id,  0.0 wa,  0.0 hi,  0.0 si,  0.0 st
MiB Mem :    957.5 total,    130.9 free,    162.5 used,    664.0 buff/cache
MiB Swap:      0.0 total,      0.0 free,      0.0 used.    638.2 avail Mem 

    PID USER      PR  NI    VIRT    RES    SHR S  %CPU  %MEM     TIME+ COMMAND
   3241 root      20   0    8288   2640   2144 R  76.5   0.3   0:08.32 iperf3
      1 root      20   0  102116  12980   8288 S   0.0   1.3   0:22.09 systemd
      2 root      20   0       0      0      0 S   0.0   0.0   0:00.07 kthreadd
top - 20:46:04 up  9:41,  2 users,  load average: 0.18, 0.08, 0.02
Tasks: 114 total,   1 running, 113 sleeping,   0 stopped,   0 zombie
%Cpu(s):  5.9 us,  5.9 sy,  0.0 ni, 88.2 id,  0.0 wa,  0.0 hi,  0.0 si,  0.0 st
MiB Mem :    957.5 total,    130.9 free,    162.5 used,    664.0 buff/cache
MiB Swap:      0.0 total,      0.0 free,      0.0 used.    638.2 avail Mem 

    PID USER      PR  NI    VIRT    RES    SHR S  %CPU  %MEM     TIME+ COMMAND
   3277 root      20   0   10768   3900   3284 R   6.2   0.4   0:00.01 top
      1 root      20   0  102116  12980   8288 S   0.0   1.3   0:22.09 systemd
      2 root      20   0       0      0      0 S   0.0   0.0   0:00.07 kthreadd
top - 20:46:05 up  9:41,  2 users,  load average: 0.18, 0.08, 0.02
Tasks: 114 total,   1 running, 113 sleeping,   0 stopped,   0 zombie
%Cpu(s):  6.2 us,  0.0 sy,  0.0 ni, 93.8 id,  0.0 wa,  0.0 hi,  0.0 si,  0.0 st
MiB Mem :    957.5 total,    130.9 free,    162.5 used,    664.0 buff/cache
MiB Swap:      0.0 total,      0.0 free,      0.0 used.    638.2 avail Mem 

    PID USER      PR  NI    VIRT    RES    SHR S  %CPU  %MEM     TIME+ COMMAND
   3281 root      20   0   10768   3792   3188 R   6.7   0.4   0:00.01 top
      1 root      20   0  102116  12980   8288 S   0.0   1.3   0:22.10 systemd
      2 root      20   0       0      0      0 S   0.0   0.0   0:00.07 kthreadd
top - 20:46:07 up  9:41,  2 users,  load average: 0.18, 0.08, 0.02
Tasks: 114 total,   1 running, 113 sleeping,   0 stopped,   0 zombie
%Cpu(s):  6.2 us,  0.0 sy,  0.0 ni, 93.8 id,  0.0 wa,  0.0 hi,  0.0 si,  0.0 st
MiB Mem :    957.5 total,    130.9 free,    162.5 used,    664.0 buff/cache
MiB Swap:      0.0 total,      0.0 free,      0.0 used.    638.2 avail Mem 

    PID USER      PR  NI    VIRT    RES    SHR S  %CPU  %MEM     TIME+ COMMAND
   3285 root      20   0   10768   3916   3304 R   6.7   0.4   0:00.01 top
      1 root      20   0  102116  12980   8288 S   0.0   1.3   0:22.10 systemd
      2 root      20   0       0      0      0 S   0.0   0.0   0:00.07 kthreadd
top - 20:46:08 up  9:41,  2 users,  load average: 0.18, 0.08, 0.02
Tasks: 114 total,   1 running, 113 sleeping,   0 stopped,   0 zombie
%Cpu(s):  0.0 us,  0.0 sy,  0.0 ni,100.0 id,  0.0 wa,  0.0 hi,  0.0 si,  0.0 st
MiB Mem :    957.5 total,    130.9 free,    162.5 used,    664.0 buff/cache
MiB Swap:      0.0 total,      0.0 free,      0.0 used.    638.2 avail Mem 

    PID USER      PR  NI    VIRT    RES    SHR S  %CPU  %MEM     TIME+ COMMAND
   3289 root      20   0   10768   3868   3256 R   6.2   0.4   0:00.01 top
      1 root      20   0  102116  12980   8288 S   0.0   1.3   0:22.10 systemd
      2 root      20   0       0      0      0 S   0.0   0.0   0:00.07 kthreadd
top - 20:46:09 up  9:41,  2 users,  load average: 0.16, 0.08, 0.02
Tasks: 114 total,   1 running, 113 sleeping,   0 stopped,   0 zombie
%Cpu(s):  5.9 us,  5.9 sy,  0.0 ni, 88.2 id,  0.0 wa,  0.0 hi,  0.0 si,  0.0 st
MiB Mem :    957.5 total,    130.9 free,    162.5 used,    664.0 buff/cache
MiB Swap:      0.0 total,      0.0 free,      0.0 used.    638.2 avail Mem 

    PID USER      PR  NI    VIRT    RES    SHR S  %CPU  %MEM     TIME+ COMMAND
   3293 root      20   0   10768   3868   3256 R   6.2   0.4   0:00.01 top
      1 root      20   0  102116  12980   8288 S   0.0   1.3   0:22.10 systemd
      2 root      20   0       0      0      0 S   0.0   0.0   0:00.07 kthreadd
top - 20:46:10 up  9:41,  2 users,  load average: 0.16, 0.08, 0.02
Tasks: 114 total,   1 running, 113 sleeping,   0 stopped,   0 zombie
%Cpu(s): 11.1 us,  0.0 sy,  0.0 ni, 83.3 id,  0.0 wa,  0.0 hi,  0.0 si,  5.6 st
MiB Mem :    957.5 total,    130.9 free,    162.5 used,    664.0 buff/cache
MiB Swap:      0.0 total,      0.0 free,      0.0 used.    638.2 avail Mem 

    PID USER      PR  NI    VIRT    RES    SHR S  %CPU  %MEM     TIME+ COMMAND
   3297 root      20   0   10768   3916   3300 R   6.2   0.4   0:00.01 top
      1 root      20   0  102116  12980   8288 S   0.0   1.3   0:22.10 systemd
      2 root      20   0       0      0      0 S   0.0   0.0   0:00.07 kthreadd
top - 20:46:11 up  9:41,  2 users,  load average: 0.16, 0.08, 0.02
Tasks: 114 total,   1 running, 113 sleeping,   0 stopped,   0 zombie
%Cpu(s):  0.0 us,  6.2 sy,  0.0 ni, 93.8 id,  0.0 wa,  0.0 hi,  0.0 si,  0.0 st
MiB Mem :    957.5 total,    130.9 free,    162.5 used,    664.0 buff/cache
MiB Swap:      0.0 total,      0.0 free,      0.0 used.    638.2 avail Mem 

    PID USER      PR  NI    VIRT    RES    SHR S  %CPU  %MEM     TIME+ COMMAND
   3301 root      20   0   10768   3856   3244 R   6.7   0.4   0:00.01 top
      1 root      20   0  102116  12980   8288 S   0.0   1.3   0:22.10 systemd
      2 root      20   0       0      0      0 S   0.0   0.0   0:00.07 kthreadd
top - 20:46:13 up  9:41,  2 users,  load average: 0.16, 0.08, 0.02
Tasks: 114 total,   1 running, 113 sleeping,   0 stopped,   0 zombie
%Cpu(s):  0.0 us,  0.0 sy,  0.0 ni,100.0 id,  0.0 wa,  0.0 hi,  0.0 si,  0.0 st
MiB Mem :    957.5 total,    130.9 free,    162.5 used,    664.0 buff/cache
MiB Swap:      0.0 total,      0.0 free,      0.0 used.    638.2 avail Mem 

    PID USER      PR  NI    VIRT    RES    SHR S  %CPU  %MEM     TIME+ COMMAND
   3305 root      20   0   10768   3876   3272 R   6.2   0.4   0:00.01 top
      1 root      20   0  102116  12980   8288 S   0.0   1.3   0:22.10 systemd
      2 root      20   0       0      0      0 S   0.0   0.0   0:00.07 kthreadd
top - 20:46:14 up  9:41,  2 users,  load average: 0.16, 0.08, 0.02
Tasks: 114 total,   1 running, 113 sleeping,   0 stopped,   0 zombie
%Cpu(s):  0.0 us,  6.2 sy,  0.0 ni, 93.8 id,  0.0 wa,  0.0 hi,  0.0 si,  0.0 st
MiB Mem :    957.5 total,    130.9 free,    162.5 used,    664.0 buff/cache
MiB Swap:      0.0 total,      0.0 free,      0.0 used.    638.2 avail Mem 

    PID USER      PR  NI    VIRT    RES    SHR S  %CPU  %MEM     TIME+ COMMAND
   3309 root      20   0   10768   3784   3172 R   6.7   0.4   0:00.01 top
      1 root      20   0  102116  12980   8288 S   0.0   1.3   0:22.10 systemd
      2 root      20   0       0      0      0 S   0.0   0.0   0:00.07 kthreadd
